mode: set
calender-service/config/config.go:12.15,16.16 4 0
calender-service/config/config.go:16.16,18.3 1 0
calender-service/config/config.go:21.2,21.48 1 0
calender-service/config/config.go:24.23,26.2 1 0
calender-service/config/config.go:28.26,30.2 1 0
calender-service/config/configMockDb.go:11.55,13.16 2 0
calender-service/config/configMockDb.go:13.16,15.3 1 0
calender-service/config/configMockDb.go:16.2,23.16 3 0
calender-service/config/configMockDb.go:23.16,25.3 1 0
calender-service/config/configMockDb.go:26.2,26.22 1 0
calender-service/main.go:14.12,42.2 13 0
calender-service/controllers/event_controller.go:19.74,21.2 1 0
calender-service/controllers/event_controller.go:24.57,29.54 3 0
calender-service/controllers/event_controller.go:29.54,33.6 3 0
calender-service/controllers/event_controller.go:36.5,40.25 3 0
calender-service/controllers/event_controller.go:40.25,42.6 1 0
calender-service/controllers/event_controller.go:43.5,43.23 1 0
calender-service/controllers/event_controller.go:43.23,45.6 1 0
calender-service/controllers/event_controller.go:49.5,49.59 1 0
calender-service/controllers/event_controller.go:49.59,53.6 3 0
calender-service/controllers/event_controller.go:55.5,55.46 1 0
calender-service/controllers/event_controller.go:55.46,59.6 3 0
calender-service/controllers/event_controller.go:61.5,61.58 1 0
calender-service/controllers/event_controller.go:61.58,65.6 3 0
calender-service/controllers/event_controller.go:66.5,67.40 2 0
calender-service/controllers/event_controller.go:73.58,75.16 2 0
calender-service/controllers/event_controller.go:75.16,78.3 2 0
calender-service/controllers/event_controller.go:79.5,80.33 2 0
calender-service/controllers/event_controller.go:83.57,86.16 3 0
calender-service/controllers/event_controller.go:86.16,89.3 2 0
calender-service/controllers/event_controller.go:91.2,92.58 2 0
calender-service/controllers/event_controller.go:92.58,96.3 3 0
calender-service/controllers/event_controller.go:98.2,98.77 1 0
calender-service/controllers/event_controller.go:98.77,102.3 3 0
calender-service/controllers/event_controller.go:103.5,104.39 2 0
calender-service/controllers/event_controller.go:107.73,116.16 5 0
calender-service/controllers/event_controller.go:116.16,120.3 3 0
calender-service/controllers/event_controller.go:121.2,122.16 2 0
calender-service/controllers/event_controller.go:122.16,126.3 3 0
calender-service/controllers/event_controller.go:129.2,130.51 2 0
calender-service/controllers/event_controller.go:130.51,134.3 3 0
calender-service/controllers/event_controller.go:136.2,137.16 2 0
calender-service/controllers/event_controller.go:137.16,141.3 3 0
calender-service/controllers/event_controller.go:142.5,143.33 2 0
calender-service/controllers/room_controller.go:16.72,18.2 1 0
calender-service/controllers/room_controller.go:20.55,22.49 2 0
calender-service/controllers/room_controller.go:22.49,26.3 3 0
calender-service/controllers/room_controller.go:28.2,28.52 1 0
calender-service/controllers/room_controller.go:28.52,32.3 3 0
calender-service/controllers/room_controller.go:33.2,34.36 2 0
calender-service/controllers/room_controller.go:37.55,39.15 2 0
calender-service/controllers/room_controller.go:39.15,43.3 3 0
calender-service/controllers/room_controller.go:44.2,45.31 2 0
calender-service/controllers/user_controller.go:16.71,18.2 1 0
calender-service/controllers/user_controller.go:20.55,22.50 2 0
calender-service/controllers/user_controller.go:22.50,26.3 3 0
calender-service/controllers/user_controller.go:27.2,27.52 1 0
calender-service/controllers/user_controller.go:27.52,31.3 3 0
calender-service/controllers/user_controller.go:32.2,33.36 2 0
calender-service/controllers/user_controller.go:37.57,39.16 2 0
calender-service/controllers/user_controller.go:39.16,43.3 3 0
calender-service/controllers/user_controller.go:44.2,45.32 2 0
calender-service/routes/routes.go:9.164,27.2 10 0
calender-service/config/config.go:12.15,16.16 4 0
calender-service/config/config.go:16.16,18.3 1 0
calender-service/config/config.go:21.2,21.48 1 0
calender-service/config/config.go:24.23,26.2 1 1
calender-service/config/config.go:28.26,30.2 1 1
calender-service/config/configMockDb.go:11.55,13.16 2 1
calender-service/config/configMockDb.go:13.16,15.3 1 0
calender-service/config/configMockDb.go:16.2,23.16 3 1
calender-service/config/configMockDb.go:23.16,25.3 1 0
calender-service/config/configMockDb.go:26.2,26.22 1 1
calender-service/repositories/event_repository.go:11.61,13.2 1 1
calender-service/repositories/event_repository.go:15.61,17.2 1 0
calender-service/repositories/event_repository.go:19.108,25.2 3 0
calender-service/repositories/event_repository.go:27.76,33.2 3 0
calender-service/repositories/event_repository.go:35.60,39.2 3 0
calender-service/repositories/event_repository.go:40.67,42.63 2 0
calender-service/repositories/event_repository.go:42.63,44.3 1 0
calender-service/repositories/event_repository.go:45.2,45.20 1 0
calender-service/repositories/room_repository.go:15.58,16.25 1 0
calender-service/repositories/room_repository.go:16.25,18.3 1 0
calender-service/repositories/room_repository.go:19.2,19.42 1 0
calender-service/repositories/room_repository.go:22.58,23.25 1 0
calender-service/repositories/room_repository.go:23.25,25.3 1 0
calender-service/repositories/room_repository.go:26.2,28.19 3 0
calender-service/repositories/room_repository.go:31.82,37.2 3 0
calender-service/repositories/user_repository.go:15.57,16.24 1 0
calender-service/repositories/user_repository.go:16.24,18.3 1 0
calender-service/repositories/user_repository.go:19.2,19.42 1 0
calender-service/repositories/user_repository.go:22.63,23.21 1 0
calender-service/repositories/user_repository.go:23.21,25.3 1 0
calender-service/repositories/user_repository.go:26.2,28.19 3 0
calender-service/repositories/user_repository.go:31.56,32.25 1 0
calender-service/repositories/user_repository.go:32.25,34.3 1 0
calender-service/repositories/user_repository.go:35.2,37.19 3 0
calender-service/config/config.go:12.15,16.16 4 0
calender-service/config/config.go:16.16,18.3 1 0
calender-service/config/config.go:21.2,21.48 1 0
calender-service/config/config.go:24.23,26.2 1 0
calender-service/config/config.go:28.26,30.2 1 0
calender-service/config/configMockDb.go:11.55,13.16 2 0
calender-service/config/configMockDb.go:13.16,15.3 1 0
calender-service/config/configMockDb.go:16.2,23.16 3 0
calender-service/config/configMockDb.go:23.16,25.3 1 0
calender-service/config/configMockDb.go:26.2,26.22 1 0
calender-service/services/event_service.go:15.127,19.2 1 1
calender-service/services/event_service.go:21.63,23.69 1 1
calender-service/services/event_service.go:23.69,25.3 1 0
calender-service/services/event_service.go:28.2,28.103 1 1
calender-service/services/event_service.go:28.103,30.3 1 0
calender-service/services/event_service.go:32.2,32.29 1 1
calender-service/services/event_service.go:36.111,38.2 1 1
calender-service/services/event_service.go:41.63,43.2 1 1
calender-service/services/event_service.go:46.84,48.15 2 1
calender-service/services/event_service.go:48.15,50.3 1 1
calender-service/services/event_service.go:52.2,57.69 5 1
calender-service/services/event_service.go:57.69,59.3 1 1
calender-service/services/event_service.go:62.2,62.103 1 1
calender-service/services/event_service.go:62.103,64.3 1 1
calender-service/services/event_service.go:65.2,65.29 1 1
calender-service/services/room_service.go:13.69,15.2 1 1
calender-service/services/room_service.go:17.59,19.2 1 1
calender-service/services/room_service.go:21.53,23.2 1 1
calender-service/services/user_service.go:16.69,18.2 1 1
calender-service/services/user_service.go:20.59,22.2 1 1
calender-service/services/user_service.go:24.64,26.16 2 1
calender-service/services/user_service.go:26.16,27.44 1 1
calender-service/services/user_service.go:27.44,29.4 1 1
calender-service/services/user_service.go:30.3,30.18 1 1
calender-service/services/user_service.go:32.2,32.17 1 1
calender-service/services/user_service.go:35.58,38.2 1 1
