mode: set
calender-service/controllers/event_controller.go:17.74,19.2 1 0
calender-service/controllers/event_controller.go:48.57,52.54 2 0
calender-service/controllers/event_controller.go:52.54,55.6 2 0
calender-service/controllers/event_controller.go:58.5,62.25 3 0
calender-service/controllers/event_controller.go:62.25,64.6 1 0
calender-service/controllers/event_controller.go:65.5,65.23 1 0
calender-service/controllers/event_controller.go:65.23,67.6 1 0
calender-service/controllers/event_controller.go:71.5,71.59 1 0
calender-service/controllers/event_controller.go:71.59,74.6 2 0
calender-service/controllers/event_controller.go:77.5,77.58 1 0
calender-service/controllers/event_controller.go:77.58,80.6 2 0
calender-service/controllers/event_controller.go:83.5,83.40 1 0
calender-service/controllers/event_controller.go:89.58,91.16 2 0
calender-service/controllers/event_controller.go:91.16,94.3 2 0
calender-service/controllers/event_controller.go:95.2,95.33 1 0
calender-service/controllers/event_controller.go:98.57,101.16 3 0
calender-service/controllers/event_controller.go:101.16,104.3 2 0
calender-service/controllers/event_controller.go:106.2,107.58 2 0
calender-service/controllers/event_controller.go:107.58,110.3 2 0
calender-service/controllers/event_controller.go:112.2,112.77 1 0
calender-service/controllers/event_controller.go:112.77,115.3 2 0
calender-service/controllers/event_controller.go:117.2,117.39 1 0
calender-service/controllers/room_controller.go:15.72,17.2 1 0
calender-service/controllers/room_controller.go:19.55,21.49 2 0
calender-service/controllers/room_controller.go:21.49,24.3 2 0
calender-service/controllers/room_controller.go:26.2,26.52 1 0
calender-service/controllers/room_controller.go:26.52,29.3 2 0
calender-service/controllers/room_controller.go:31.2,31.36 1 0
calender-service/controllers/room_controller.go:34.55,36.15 2 0
calender-service/controllers/room_controller.go:36.15,39.3 2 0
calender-service/controllers/room_controller.go:40.2,40.31 1 0
calender-service/controllers/user_controller.go:17.71,19.2 1 0
calender-service/controllers/user_controller.go:21.55,23.50 2 0
calender-service/controllers/user_controller.go:23.50,26.3 2 0
calender-service/controllers/user_controller.go:27.2,27.52 1 0
calender-service/controllers/user_controller.go:27.52,30.3 2 0
calender-service/controllers/user_controller.go:31.2,31.36 1 0
calender-service/controllers/user_controller.go:34.73,43.16 5 0
calender-service/controllers/user_controller.go:43.16,46.3 2 0
calender-service/controllers/user_controller.go:47.2,48.16 2 0
calender-service/controllers/user_controller.go:48.16,51.3 2 0
calender-service/controllers/user_controller.go:54.2,55.51 2 0
calender-service/controllers/user_controller.go:55.51,58.3 2 0
calender-service/controllers/user_controller.go:60.2,61.16 2 0
calender-service/controllers/user_controller.go:61.16,64.3 2 0
calender-service/controllers/user_controller.go:66.2,66.33 1 0
calender-service/controllers/user_controller.go:69.57,71.16 2 0
calender-service/controllers/user_controller.go:71.16,74.3 2 0
calender-service/controllers/user_controller.go:75.2,75.32 1 0
calender-service/services/event_service.go:15.111,19.2 1 0
calender-service/services/event_service.go:21.63,23.69 1 0
calender-service/services/event_service.go:23.69,25.3 1 0
calender-service/services/event_service.go:28.2,28.103 1 0
calender-service/services/event_service.go:28.103,30.3 1 0
calender-service/services/event_service.go:32.2,32.29 1 0
calender-service/services/event_service.go:36.111,38.2 1 0
calender-service/services/event_service.go:41.63,43.2 1 0
calender-service/services/event_service.go:46.84,48.15 2 0
calender-service/services/event_service.go:48.15,50.3 1 0
calender-service/services/event_service.go:52.2,57.69 5 0
calender-service/services/event_service.go:57.69,59.3 1 0
calender-service/services/event_service.go:62.2,62.103 1 0
calender-service/services/event_service.go:62.103,64.3 1 0
calender-service/services/event_service.go:65.2,65.29 1 0
calender-service/services/room_service.go:13.69,15.2 1 0
calender-service/services/room_service.go:17.59,19.2 1 0
calender-service/services/room_service.go:21.53,23.2 1 0
calender-service/services/user_service.go:16.69,18.2 1 0
calender-service/services/user_service.go:20.59,22.2 1 0
calender-service/services/user_service.go:24.64,26.16 2 0
calender-service/services/user_service.go:26.16,27.44 1 0
calender-service/services/user_service.go:27.44,29.4 1 0
calender-service/services/user_service.go:30.3,30.18 1 0
calender-service/services/user_service.go:32.2,32.17 1 0
calender-service/services/user_service.go:35.58,38.2 1 0
calender-service/config/config.go:12.15,16.16 4 0
calender-service/config/config.go:16.16,18.3 1 0
calender-service/config/config.go:21.2,21.48 1 0
calender-service/config/config.go:24.23,26.2 1 0
calender-service/routes/routes.go:9.164,27.2 10 0
calender-service/main.go:14.12,42.2 13 0
calender-service/repositories/event_repository.go:11.61,13.2 1 0
calender-service/repositories/event_repository.go:15.61,17.2 1 0
calender-service/repositories/event_repository.go:19.108,25.2 3 0
calender-service/repositories/event_repository.go:27.76,33.2 3 0
calender-service/repositories/event_repository.go:35.60,39.2 3 0
calender-service/repositories/event_repository.go:40.67,42.63 2 0
calender-service/repositories/event_repository.go:42.63,44.3 1 0
calender-service/repositories/event_repository.go:45.2,45.20 1 0
calender-service/repositories/room_repository.go:11.59,13.2 1 0
calender-service/repositories/room_repository.go:15.79,19.2 3 0
calender-service/repositories/room_repository.go:21.56,25.2 3 0
calender-service/repositories/user_repository.go:11.57,13.2 1 0
calender-service/repositories/user_repository.go:15.63,19.2 3 0
calender-service/repositories/user_repository.go:21.56,25.2 3 0
